You are using pip version 10.0.1, however version 19.2.3 is available.
You should consider upgrading via the 'pip install --upgrade pip' command.
ake8-3.7.8-py2.py3-none-any.whl (70kB)
Collecting mccabe<0.7.0,>=0.6.0 (from flake8~=3.2)
  Downloading https://files.pythonhosted.org/packages/87/89/479dc97e18549e21354893e4ee4ef36db1d237534982482c3681ee6e7b57/mccabe-0.6.1-py2.py3-none-any.whl
Collecting configparser; python_version < "3.2" (from flake8~=3.2)
  Downloading https://files.pythonhosted.org/packages/7a/2a/95ed0501cf5d8709490b1d3a3f9b5cf340da6c433f896bbe9ce08dbe6785/configparser-4.0.2-py2.py3-none-any.whl
Collecting entrypoints<0.4.0,>=0.3.0 (from flake8~=3.2)
  Downloading https://files.pythonhosted.org/packages/ac/c6/44694103f8c221443ee6b0041f69e2740d89a25641e62fb4f2ee568f2f9c/entrypoints-0.3-py2.py3-none-any.whl
Collecting functools32; python_version < "3.2" (from flake8~=3.2)
  Downloading https://files.pythonhosted.org/packages/c5/60/6ac26ad05857c601308d8fb9e87fa36d0ebf889423f47c3502ef034365db/functools32-3.2.3-2.tar.gz
Collecting typing; python_version < "3.5" (from flake8~=3.2)
  Downloading https://files.pythonhosted.org/packages/22/30/64ca29543375759dc589ade14a6cd36382abf2bec17d67de8481bc9814d7/typing-3.7.4.1-py2-none-any.whl
Collecting pyflakes<2.2.0,>=2.1.0 (from flake8~=3.2)
  Downloading https://files.pythonhosted.org/packages/84/f2/ed0ffb887f8138a8fe5a621b8c0bb9598bfb3989e029f6c6a85ee66628ee/pyflakes-2.1.1-py2.py3-none-any.whl (59kB)
Collecting enum34; python_version < "3.4" (from flake8~=3.2)
  Downloading https://files.pythonhosted.org/packages/c5/db/e56e6b4bbac7c4a06de1c50de6fe1ef3810018ae11732a50f15f62c7d050/enum34-1.1.6-py2-none-any.whl
Collecting pycodestyle<2.6.0,>=2.5.0 (from flake8~=3.2)
  Downloading https://files.pythonhosted.org/packages/0e/0c/04a353e104d2f324f8ee5f4b32012618c1c86dd79e52a433b64fceed511b/pycodestyle-2.5.0-py2.py3-none-any.whl (51kB)
Building wheels for collected packages: functools32
  Running setup.py bdist_wheel for functools32: started
  Running setup.py bdist_wheel for functools32: finished with status 'done'
  Stored in directory: /home/michael/.cache/pip/wheels/b5/18/32/77a1030457155606ba5e3ec3a8a57132b1a04b1c4f765177b2
Successfully built functools32
Installing collected packages: mccabe, configparser, entrypoints, functools32, typing, pyflakes, enum34, pycodestyle, flake8
Successfully installed configparser-4.0.2 entrypoints-0.3 enum34-1.1.6 flake8-3.7.8 functools32-3.2.3.post2 mccabe-0.6.1 pycodestyle-2.5.0 pyflakes-2.1.1 typing-3.7.4.1
